2017/08/15 00:23:50.680|Debug|Переключения языка : переключения языка на ru
2017/08/15 00:25:54.775|Debug|Переключения языка : переключения языка на ru
2017/08/15 00:28:10.983|Debug|Переключения языка : переключения языка на ru
2017/08/15 00:31:07.950|Debug|Переключения языка : переключения языка на ru
2017/08/15 00:31:25.298|Debug|Переход на страницу : переход на новую страницу 
2017/08/15 00:31:28.090|Debug|Переход на страницу : переход на новую страницу 
2017/08/15 00:31:30.654|Debug|Переход на страницу : переход на новую страницу 
2017/08/15 00:31:31.265|Debug|Переход на страницу : переход на новую страницу 
2017/08/15 00:31:31.976|Debug|Переход на страницу : переход на новую страницу 
2017/08/15 00:31:33.238|Debug|Переход на страницу : переход на новую страницу 
2017/08/15 00:31:34.235|Debug|Переход на страницу : переход на новую страницу 
2017/08/15 00:32:31.087|Debug|Переключения языка : переключения языка на ru
2017/08/15 00:32:42.667|Debug|Переход на страницу : переход на новую страницу 
2017/08/15 00:32:45.993|Debug|Переход на страницу : переход на новую страницу 
2017/08/15 00:32:47.423|Debug|Переход на страницу : переход на новую страницу 
2017/08/15 00:32:48.866|Debug|Переход на страницу : переход на новую страницу 
2017/08/15 00:32:50.697|Debug|Переход на страницу : переход на новую страницу 
2017/08/15 00:32:53.692|Debug|Переход на страницу : переход на новую страницу 
2017/08/15 00:32:55.211|Debug|Переход на страницу : переход на новую страницу 
2017/08/15 00:32:57.561|Debug|Переход на страницу : переход на новую страницу 
2017/08/15 00:32:58.647|Debug|Переход на страницу : переход на новую страницу 
2017/08/15 00:32:58.911|Debug|Переход на страницу : переход на новую страницу 
2017/08/15 00:32:58.984|Debug|Переход на страницу : переход на новую страницу 
2017/08/15 00:33:00.238|Debug|Переход на страницу : переход на новую страницу 
2017/08/15 00:33:01.579|Debug|Переход на страницу : переход на новую страницу 
2017/08/15 00:33:03.278|Debug|Переход на страницу : переход на новую страницу 
2017/08/15 00:33:04.699|Debug|Переход на страницу : переход на новую страницу 
2017/08/15 00:33:06.402|Debug|Переход на страницу : переход на новую страницу 
2017/08/15 00:34:07.268|Debug|Переключения языка : переключения языка на ru
2017/08/15 00:34:15.663|Debug|Переход на страницу : переход на новую страницу 
2017/08/15 00:34:17.728|Debug|Переход на страницу : переход на новую страницу 
2017/08/15 00:34:18.772|Debug|Переход на страницу : переход на новую страницу 
2017/08/15 00:34:20.006|Debug|Переход на страницу : переход на новую страницу 
2017/08/15 00:34:20.906|Debug|Переход на страницу : переход на новую страницу 
2017/08/15 00:34:22.099|Debug|Переход на страницу : переход на новую страницу 
2017/08/15 00:35:44.308|Debug|Переход на страницу : переход на новую страницу 
2017/08/15 00:35:46.220|Debug|Переход на страницу : переход на новую страницу 
2017/08/15 00:35:47.256|Debug|Переход на страницу : переход на новую страницу 
2017/08/15 00:35:48.691|Debug|Переход на страницу : переход на новую страницу 
2017/08/15 00:36:01.429|Debug|Переход на страницу : переход на новую страницу 
2017/08/15 00:36:04.174|Debug|Переход на страницу : переход на новую страницу 
2017/08/15 00:36:07.057|Debug|Переход на страницу : переход на новую страницу 
2017/08/15 00:36:10.883|Debug|Переход на страницу : переход на новую страницу 
2017/08/15 20:23:11.602|Debug|Переключения языка : переключения языка на ru
2017/08/15 20:24:32.019|Debug|Переключения языка : переключения языка на ru
2017/08/15 20:25:39.070|Debug|Переключения языка : переключения языка на ru
2017/08/15 20:26:48.375|Debug|Переключения языка : переключения языка на ru
2017/08/15 20:28:25.862|Debug|Переключения языка : переключения языка на ru
2017/08/15 20:28:35.465|Debug|Переход на страницу : переход на новую страницу 
2017/08/15 20:28:36.531|Debug|Переход на страницу : переход на новую страницу 
2017/08/15 20:28:37.078|Debug|Переход на страницу : переход на новую страницу 
2017/08/15 20:28:37.566|Debug|Переход на страницу : переход на новую страницу 
2017/08/15 20:28:38.099|Debug|Переход на страницу : переход на новую страницу 
2017/08/15 20:28:38.577|Debug|Переход на страницу : переход на новую страницу 
2017/08/15 20:28:39.117|Debug|Переход на страницу : переход на новую страницу 
2017/08/15 20:28:39.608|Debug|Переход на страницу : переход на новую страницу 
2017/08/15 20:28:39.812|Debug|Переход на страницу : переход на новую страницу 
2017/08/15 20:28:39.969|Debug|Переход на страницу : переход на новую страницу 
2017/08/15 20:28:40.139|Debug|Переход на страницу : переход на новую страницу 
2017/08/15 20:28:40.282|Debug|Переход на страницу : переход на новую страницу 
2017/08/15 20:28:40.482|Debug|Переход на страницу : переход на новую страницу 
2017/08/15 20:28:40.758|Debug|Переход на страницу : переход на новую страницу 
2017/08/15 20:28:41.055|Debug|Переход на страницу : переход на новую страницу 
2017/08/15 20:28:41.147|Debug|Переход на страницу : переход на новую страницу 
2017/08/15 20:28:41.434|Debug|Переход на страницу : переход на новую страницу 
2017/08/15 20:28:41.586|Debug|Переход на страницу : переход на новую страницу 
2017/08/15 20:28:41.739|Debug|Переход на страницу : переход на новую страницу 
2017/08/15 20:28:41.977|Debug|Переход на страницу : переход на новую страницу 
2017/08/15 20:28:42.131|Debug|Переход на страницу : переход на новую страницу 
2017/08/15 20:28:42.245|Debug|Переход на страницу : переход на новую страницу 
2017/08/15 20:28:56.203|Debug|Переход на страницу : переход на новую страницу 
2017/08/15 20:28:57.677|Debug|Переход на страницу : переход на новую страницу 
2017/08/15 20:35:48.606|Debug|Переключения языка : переключения языка на ru
2017/08/15 20:36:42.021|Debug|Переключения языка : переключения языка на ru
2017/08/15 20:37:02.683|Debug|Переключения языка : переключения языка на ru
2017/08/15 20:37:44.668|Debug|Переключения языка : переключения языка на ru
2017/08/15 20:38:25.700|Debug|Переключения языка : переключения языка на ru
2017/08/15 20:39:28.293|Debug|Переключения языка : переключения языка на ru
2017/08/15 21:13:33.995|Debug|Переключения языка : переключения языка на ru
2017/08/15 21:13:47.554|Debug|Переход на страницу : переход на новую страницу 
2017/08/15 21:13:49.316|Debug|Переход на страницу : переход на новую страницу 
2017/08/15 21:13:49.943|Debug|Переход на страницу : переход на новую страницу 
2017/08/15 21:13:50.537|Debug|Переход на страницу : переход на новую страницу 
2017/08/15 21:22:47.830|Debug|Переключения языка : переключения языка на ru
2017/08/15 21:22:56.824|Debug|Переход на страницу : переход на новую страницу 
2017/08/15 21:23:18.321|Debug|Переход на страницу : переход на новую страницу 
2017/08/15 21:23:23.752|Debug|Переход на страницу : переход на новую страницу 
2017/08/15 21:23:27.232|Debug|Переход на страницу : переход на новую страницу 
2017/08/15 21:23:28.216|Debug|Переход на страницу : переход на новую страницу 
2017/08/15 21:23:29.223|Debug|Переход на страницу : переход на новую страницу 
2017/08/15 21:25:36.891|Debug|Переключения языка : переключения языка на ru
2017/08/15 21:25:42.307|Debug|Переход на страницу : переход на новую страницу 
2017/08/15 21:25:44.727|Debug|Переход на страницу : переход на новую страницу 
2017/08/15 21:25:49.233|Debug|Переход на страницу : переход на новую страницу 
2017/08/15 21:25:50.414|Debug|Переход на страницу : переход на новую страницу 
2017/08/15 21:25:51.210|Debug|Переход на страницу : переход на новую страницу 
2017/08/15 21:25:52.229|Debug|Переход на страницу : переход на новую страницу 
2017/08/15 21:25:53.629|Debug|Переход на страницу : переход на новую страницу 
2017/08/15 21:28:02.091|Debug|Переключения языка : переключения языка на ru
2017/08/15 21:28:06.936|Debug|Переход на страницу : переход на новую страницу 
2017/08/15 21:28:09.229|Debug|Переход на страницу : переход на новую страницу 
2017/08/15 21:28:11.010|Debug|Переход на страницу : переход на новую страницу 
2017/08/15 21:28:12.768|Debug|Переход на страницу : переход на новую страницу 
2017/08/15 21:28:15.453|Debug|Переход на страницу : переход на новую страницу 
2017/08/15 21:28:27.096|Debug|Переход на страницу : переход на новую страницу 
2017/08/15 21:28:29.630|Debug|Переход на страницу : переход на новую страницу 
2017/08/15 21:28:31.042|Debug|Переход на страницу : переход на новую страницу 
2017/08/15 21:28:32.218|Debug|Переход на страницу : переход на новую страницу 
2017/08/15 21:28:33.514|Debug|Переход на страницу : переход на новую страницу 
2017/08/15 21:28:34.832|Debug|Переход на страницу : переход на новую страницу 
2017/08/15 21:28:36.175|Debug|Переход на страницу : переход на новую страницу 
2017/08/15 21:28:57.284|Debug|Переход на страницу : переход на новую страницу 
2017/08/15 21:29:00.373|Debug|Переход на страницу : переход на новую страницу 
2017/08/15 21:29:02.891|Debug|Переход на страницу : переход на новую страницу 
2017/08/15 21:29:05.101|Debug|Переход на страницу : переход на новую страницу 
2017/08/15 21:29:06.742|Debug|Переход на страницу : переход на новую страницу 
2017/08/15 21:36:00.222|Debug|Переключения языка : переключения языка на ru
2017/08/15 21:36:10.728|Debug|Переход на страницу : переход на новую страницу 
2017/08/15 21:36:20.287|Debug|Сортировка : сортировка по столбцу City по убыванию
2017/08/15 21:36:26.726|Debug|Переход на страницу : переход на новую страницу 
2017/08/15 21:36:32.399|Debug|Переход на страницу : переход на новую страницу 
2017/08/15 21:36:34.734|Debug|Переход на страницу : переход на новую страницу 
2017/08/15 21:36:37.200|Debug|Переход на страницу : переход на новую страницу 
2017/08/15 21:36:38.923|Debug|Переход на страницу : переход на новую страницу 
2017/08/15 21:38:43.993|Debug|Переключения языка : переключения языка на ru
2017/08/15 21:38:53.770|Debug|Фильтрация : параметры фильтра : Страна = , Город = Богучар, Улица = , Номер дома = , Индекс = , Дата = 
2017/08/15 21:39:02.009|Debug|Фильтрация : параметры фильтра : Страна = , Город = Богучар, Улица = , Номер дома = , Индекс = , Дата = 
2017/08/15 21:40:08.419|Debug|Фильтрация : параметры фильтра : Страна = , Город = Богучар, Улица = , Номер дома = , Индекс = , Дата = 
2017/08/15 21:42:50.248|Debug|Переключения языка : переключения языка на ru
2017/08/15 21:42:56.889|Debug|Фильтрация : параметры фильтра : Страна = , Город = Богучар, Улица = , Номер дома = , Индекс = , Дата = 
2017/08/15 21:43:36.394|Debug|Сброс фильтра по полю  : street
2017/08/15 21:43:38.090|Debug|Сброс фильтра по полю  : country
